[INFO] Using file: C:\Users\wenhao\AppData\Local\Temp\tmpaongb6je.pdf
[INFO] Using mode: tf
[INFO] Document category: receipt
[INFO] Using region: us-east-1
[INFO] Using profile: default
=== TEXT DETECTION ===
text = "Maybank"  | confidence = 99.89
text = "DuitNow Transfer"  | confidence = 99.91
text = "Successful"  | confidence = 99.95
text = "Reference ID"  | confidence = 99.96
text = "15 Sep 2025, 3:13 PM"  | confidence = 99.75
text = "837356732M"  | confidence = 99.15
text = "Beneficiary name"  | confidence = 99.98
text = "DELLAND PROPERTY MANAGEMENT SDN BHD"  | confidence = 99.97
text = "Beneficiary account number"  | confidence = 99.99
text = "8881 0134 2238 3"  | confidence = 98.05
text = "Receiving bank"  | confidence = 100.00
text = "AmBANK BERHAD"  | confidence = 99.61
text = "Recipient reference"  | confidence = 99.89
text = "0488-MB-MAYBANK22/43"  | confidence = 98.99
text = "Payment details"  | confidence = 99.96
text = "0488-MB LimChoonHeng"  | confidence = 99.44
text = "Amount"  | confidence = 100.00
text = "RM 100.00"  | confidence = 99.63
text = "Note: This receipt is computer generated and no signature is"  | confidence = 99.94
text = "required."  | confidence = 99.76
text = "Malayan Banking Berhad (Co. Reg. : 196001000142)"  | confidence = 98.52
text = "Maybank Islamic Berhad (Co. Reg. : 200701029411)"  | confidence = 99.24

=== FORM ANALYSIS ===
(Co. Reg. : : ['196001000142) ', '200701029411) ']
Beneficiary name : ['DELLAND PROPERTY MANAGEMENT SDN BHD ']
Note: : ['This receipt is computer generated and no signature is required. ']
Recipient reference : ['0488-MB-MAYBANK22/43 ']
Reference ID : ['837356732M ']
Beneficiary account number : ['8881 0134 2238 3 ']
Receiving bank : ['AmBANK BERHAD ']
Payment details : ['0488-MB LimChoonHeng ']
Amount : ['RM 100.00 ']
Successful : ['15 Sep 2025, 3:13 PM ']

=== BLUR DETECTION ===
Textract confidence - Median: 99.89, Avg: 99.75, Std: 0.51
Quality assessment: excellent
Overall: CLEAR (confidence: high)

=== BEDROCK EXTRACTION ===
{
  "transaction_date": "2025-09-15",
  "transaction_amount": "RM 100.00",
  "beneficiary_name": "DELLAND PROPERTY MANAGEMENT SDN BHD",
  "beneficiary_account": "8881 0134 2238 3",
  "reference_id": "837356732M",
  "transaction_type": "DuitNow Transfer",
  "sending_bank": "Maybank",
  "receiving_bank": "AmBANK BERHAD"
}

[INFO] Results saved to output\tmpaongb6je_20250917_181018.json

=== PROCESSING COMPLETE ===
[INFO] Textract results saved to: log\tmpaongb6je_20250917_181018
[INFO] Extracted data saved to: output\tmpaongb6je_20250917_181018.json
[INFO] Image quality appears good
