[INFO] Using file: aws-textract\files\licence.jpeg
[INFO] Using region: us-east-1
[INFO] Using profile: greataihackathon-personal
[INFO] Using mode: tfb
=== TEXT DETECTION ===
text = "LESEN MEMANDU"  | confidence = 99.95
text = "DRIVING LICENCE"  | confidence = 99.51
text = "MALAYSIA"  | confidence = 99.89
text = "BERKUATKU"  | confidence = 84.95
text = "LIM WEN HAO"  | confidence = 99.72
text = "Tarikh Jalan Lahir / Date Of Birth"  | confidence = 93.86
text = "No. Pengenalan / Identity No."  | confidence = 94.48
text = "041223070745"  | confidence = 99.99
text = "23/12/2004"  | confidence = 99.96
text = "Warganegara / Nationality"  | confidence = 93.26
text = "Kelas / Class"  | confidence = 92.89
text = "MALAYSIA"  | confidence = 99.96
text = "B2 DA"  | confidence = 92.80
text = "Tempoh / Validity"  | confidence = 93.75
text = "30/08/2024 - 23/12/2026"  | confidence = 89.56
text = "Alamat / Address"  | confidence = 84.53
text = "NO 36,"  | confidence = 98.25
text = "LORONG SERULING EMAS 8,"  | confidence = 92.40
text = "Penafian : Imbasan QR 0"  | confidence = 88.06
text = "TAMAN SERULING EMAS,"  | confidence = 97.13
text = "untuk tujuan penguatku"  | confidence = 99.61
text = "Jaba"  | confidence = 88.26
text = "14200 SUNGAI BAKAP,"  | confidence = 92.43
text = "sahaja."  | confidence = 98.89
text = "PULAU PINANG"  | confidence = 99.82
text = "Jalan"  | confidence = 87.81
text = "JPJL6"  | confidence = 97.58
text = "KELAS LESEN MEMANDU"  | confidence = 99.71
text = "Driving Licence Classes"  | confidence = 99.79
text = "0107011"  | confidence = 99.88
text = "A BTM < 450 KG"  | confidence = 96.44
text = "E BTM > 7500 KG"  | confidence = 98.09
text = "mZyPs9aZ"  | confidence = 98.42
text = "A1 BTM < 3500 KG"  | confidence = 98.27
text = "E1 BTM < 7500 KG"  | confidence = 96.01
text = "B"  | confidence = 89.84
text = "> 500 SP"  | confidence = 98.41
text = "E2 BTM < 5000 KG"  | confidence = 98.17
text = "B1"  | confidence = 96.14
text = "< 500 SP"  | confidence = 89.08
text = "F BTM < 5000 KG"  | confidence = 97.42
text = "B2"  | confidence = 97.45
text = "< 250 SP"  | confidence = 82.60
text = "G BTM < 5000 KG"  | confidence = 96.84
text = "C Motosikal Tiga Roda"  | confidence = 96.43
text = "H BTM > 5000 KG"  | confidence = 97.70
text = "all"  | confidence = 74.08
text = "D BTM 3500 KG"  | confidence = 96.88
text = "1"  | confidence = 58.33
text = "BTM > 5000 KG"  | confidence = 98.41
text = "DA BTM < 3500 KG"  | confidence = 94.70
text = "Mahkamah"  | confidence = 34.22
text = "Katua Pengarah Penganglutan Jalan"  | confidence = 66.53

=== FORM ANALYSIS ===
Tarikh Lahir / Date Of Birth : ['23/12/2004 ']
Warganegara / Nationality : ['MALAYSIA ']
Kelas / Class : ['B2 DA ']
Tempoh / Validity : ['30/08/2024 - 23/12/2026 ']
BERKUATKU : ['']
No. Pengenalan / Identity No. : ['041223070745 ']
Alamat / Address : ['NO 36, LORONG SERULING EMAS 8, TAMAN SERULING EMAS, 14200 SUNGAI BAKAP, PULAU PINANG ']
Penafian : [': Imbasan QR 0 untuk tujuan penguatku sahaja. ']
DA BTM : ['']
< 3500 KG : ['Mahkamah ']

=== TABLE ANALYSIS ===
Table 1:
  | A | BTM < 450 KG |  | E BTM > 7500 KG |  |
  | A1 | BTM < 3500 KG |  | E1 BTM < 7500 KG |  |
  | B | > 500 SP |  | E2 BTM < 5000 KG |  |
  | B1 | < 500 SP |  | F BTM < 5000 KG |  |
  | B2 | < 250 SP |  | G BTM < 5000 KG |  |
  | C | Motosikal Tiga Roda |  | H BTM > 5000 KG |  |
  | D | BTM 3500 KG |  | 1 BTM > 5000 KG |  |
  | DA | BTM < 3500 KG |  | Mahkamah |  |
