[INFO] Analyzing file: log/blur_20250917_152542/textract.log
=== BLUR ANALYSIS ===

Total text items detected: 38
Confidence range: 16.21% - 99.92%
Median confidence: 60.72%
Weighted average: 44.06%
Low confidence items: 37 (97.4%)
Quality assessment: POOR
Likely blurry: YES

=== DETAILED BREAKDOWN ===

Items with confidence < 99%:
  16.21% - 'PULALIPINAMS'
  17.78% - '25/32004'
  21.73% - '82 DA'
  23.91% - 'NO.36. K.'
  24.38% - 'LICENCE'
  24.41% - '&'
  25.49% - '.'
  27.05% - '1'
  28.77% - 'KELAS LASSE MEMANDO'
  33.95% - 'CORONG SEPULING COADE'
  35.79% - '- -'
  36.07% - 'LESEN HICMAND'
  47.20% - 'AMAN SCRULING -'
  49.11% - 'I'
  49.75% - '-'
  50.57% - '-'
  51.04% - '-'
  55.19% - '.'
  60.67% - 'I 1 I'
  60.76% - '-'
  67.64% - 'BERKUATKUAI'
  68.97% - '- - . -'
  69.10% - 'I I'
  72.47% - '-'
  72.82% - '2'
  77.64% - '-'
  78.07% - '- - -'
  79.10% - '- - - -'
  79.11% - '- - -'
  81.57% - 'I'
  82.11% - '-'
  82.15% - 'LIM WEN HAD'
  84.44% - '-'
  84.73% - '4'
  85.05% - 'all'
  87.33% - '- -'
  92.15% - '- -'

=== RECOMMENDATION ===
⚠️  Image may be blurry - consider retaking

[INFO] Analysis complete. Log saved to: log\textract_blur_analysis_20250917_153547.log
