[INFO] Using file: aws-textract\files\bank-receipt.pdf
[INFO] Using mode: tfbq
[INFO] Document category: receipt
[INFO] Using region: us-east-1
[INFO] Using profile: greataihackathon-personal
=== TEXT DETECTION ===
text = "Maybank"  | confidence = 99.89
text = "DuitNow Transfer"  | confidence = 99.91
text = "Successful"  | confidence = 99.95
text = "Reference ID"  | confidence = 99.96
text = "15 Sep 2025, 3:13 PM"  | confidence = 99.75
text = "837356732M"  | confidence = 99.15
text = "Beneficiary name"  | confidence = 99.98
text = "DELLAND PROPERTY MANAGEMENT SDN BHD"  | confidence = 99.97
text = "Beneficiary account number"  | confidence = 99.99
text = "8881 0134 2238 3"  | confidence = 98.05
text = "Receiving bank"  | confidence = 100.00
text = "AmBANK BERHAD"  | confidence = 99.61
text = "Recipient reference"  | confidence = 99.89
text = "0488-MB-MAYBANK22/43"  | confidence = 98.99
text = "Payment details"  | confidence = 99.96
text = "0488-MB LimChoonHeng"  | confidence = 99.44
text = "Amount"  | confidence = 100.00
text = "RM 100.00"  | confidence = 99.63
text = "Note: This receipt is computer generated and no signature is"  | confidence = 99.94
text = "required."  | confidence = 99.76
text = "Malayan Banking Berhad (Co. Reg. : 196001000142)"  | confidence = 98.52
text = "Maybank Islamic Berhad (Co. Reg. : 200701029411)"  | confidence = 99.24

=== FORM ANALYSIS ===
(Co. Reg. : : ['196001000142) ', '200701029411) ']
Beneficiary name : ['DELLAND PROPERTY MANAGEMENT SDN BHD ']
Note: : ['This receipt is computer generated and no signature is required. ']
Recipient reference : ['0488-MB-MAYBANK22/43 ']
Reference ID : ['837356732M ']
Beneficiary account number : ['8881 0134 2238 3 ']
Receiving bank : ['AmBANK BERHAD ']
Payment details : ['0488-MB LimChoonHeng ']
Amount : ['RM 100.00 ']
Successful : ['15 Sep 2025, 3:13 PM ']

=== TABLE ANALYSIS ===
Table 1:
  | DuitNow Transfer | Successful |
  | Reference ID 837356732M | 15 Sep 2025, 3:13 PM |

=== QUERY ANALYSIS ===
[INFO] Using queries: aws-textract/queries/receipt.json
Q: What is the transaction date?
A: 

Q: What is the transaction amount?
A: 

Q: What is the beneficiary account number?
A: 8881 0134 2238 3

Q: What is the beneficiary name?
A: DELLAND PROPERTY MANAGEMENT SDN BHD

Q: What is the transaction type?
A: 

Q: What is the reference number?
A: 837356732M

Q: What is the available balance?
A: 

Q: What is the sending bank name?
A: AmBANK BERHAD

Q: What is the receiving bank name?
A: AmBANK BERHAD

Q: What is the transaction ID?
A: 837356732M

Q: What is the card number?
A: 837356732M

Q: What is the authorization code?
A: 

Q: What is the terminal ID?
A: 837356732M

